  HungtingSnake.cpp
c:\users\admin\desktop\1951052091_nguyentrungkien\1951052091_nguyentrungkien\hungtingsnake.cpp(1168): warning C4018: '<': signed/unsigned mismatch
HungtingSnake.obj : error LNK2019: unresolved external symbol "__declspec(dllimport) public: __thiscall sf::String::String(char const *,class std::locale const &)" (__imp_??0String@sf@@QAE@PBDABVlocale@std@@@Z) referenced in function "bool __cdecl backFromHelp(class sf::RenderWindow &,class std::vector<class Object,class std::allocator<class Object> > &,class sf::Text * const,class sf::Mouse &)" (?backFromHelp@@YA_NAAVRenderWindow@sf@@AAV?$vector@VObject@@V?$allocator@VObject@@@std@@@std@@QAVText@2@AAVMouse@2@@Z)
HungtingSnake.obj : error LNK2019: unresolved external symbol "__declspec(dllimport) public: __thiscall sf::String::String(class std::basic_string<char,struct std::char_traits<char>,class std::allocator<char> > const &,class std::locale const &)" (__imp_??0String@sf@@QAE@ABV?$basic_string@DU?$char_traits@D@std@@V?$allocator@D@2@@std@@ABVlocale@3@@Z) referenced in function "void __cdecl drawConfirmPasswordRegist(class sf::RenderWindow &,class std::vector<class Object,class std::allocator<class Object> > &,class sf::Text * const,class std::basic_string<char,struct std::char_traits<char>,class std::allocator<char> > const &)" (?drawConfirmPasswordRegist@@YAXAAVRenderWindow@sf@@AAV?$vector@VObject@@V?$allocator@VObject@@@std@@@std@@QAVText@2@ABV?$basic_string@DU?$char_traits@D@std@@V?$allocator@D@2@@4@@Z)
HungtingSnake.obj : error LNK2019: unresolved external symbol "__declspec(dllimport) public: __thiscall sf::String::~String(void)" (__imp_??1String@sf@@QAE@XZ) referenced in function "bool __cdecl backFromHelp(class sf::RenderWindow &,class std::vector<class Object,class std::allocator<class Object> > &,class sf::Text * const,class sf::Mouse &)" (?backFromHelp@@YA_NAAVRenderWindow@sf@@AAV?$vector@VObject@@V?$allocator@VObject@@@std@@@std@@QAVText@2@AAVMouse@2@@Z)
HungtingSnake.obj : error LNK2019: unresolved external symbol "__declspec(dllimport) public: static bool __cdecl sf::Keyboard::isKeyPressed(enum sf::Keyboard::Key)" (__imp_?isKeyPressed@Keyboard@sf@@SA_NW4Key@12@@Z) referenced in function _main
Snake.obj : error LNK2001: unresolved external symbol "__declspec(dllimport) public: static bool __cdecl sf::Keyboard::isKeyPressed(enum sf::Keyboard::Key)" (__imp_?isKeyPressed@Keyboard@sf@@SA_NW4Key@12@@Z)
HungtingSnake.obj : error LNK2019: unresolved external symbol "__declspec(dllimport) public: static bool __cdecl sf::Mouse::isButtonPressed(enum sf::Mouse::Button)" (__imp_?isButtonPressed@Mouse@sf@@SA_NW4Button@12@@Z) referenced in function "bool __cdecl backFromHelp(class sf::RenderWindow &,class std::vector<class Object,class std::allocator<class Object> > &,class sf::Text * const,class sf::Mouse &)" (?backFromHelp@@YA_NAAVRenderWindow@sf@@AAV?$vector@VObject@@V?$allocator@VObject@@@std@@@std@@QAVText@2@AAVMouse@2@@Z)
HungtingSnake.obj : error LNK2019: unresolved external symbol "__declspec(dllimport) public: static class sf::Vector2<int> __cdecl sf::Mouse::getPosition(void)" (__imp_?getPosition@Mouse@sf@@SA?AV?$Vector2@H@2@XZ) referenced in function "bool __cdecl backFromHelp(class sf::RenderWindow &,class std::vector<class Object,class std::allocator<class Object> > &,class sf::Text * const,class sf::Mouse &)" (?backFromHelp@@YA_NAAVRenderWindow@sf@@AAV?$vector@VObject@@V?$allocator@VObject@@@std@@@std@@QAVText@2@AAVMouse@2@@Z)
HungtingSnake.obj : error LNK2019: unresolved external symbol "__declspec(dllimport) public: __thiscall sf::VideoMode::VideoMode(unsigned int,unsigned int,unsigned int)" (__imp_??0VideoMode@sf@@QAE@III@Z) referenced in function _main
HungtingSnake.obj : error LNK2019: unresolved external symbol "__declspec(dllimport) public: void __thiscall sf::Window::close(void)" (__imp_?close@Window@sf@@QAEXXZ) referenced in function _main
HungtingSnake.obj : error LNK2019: unresolved external symbol "__declspec(dllimport) public: bool __thiscall sf::Window::isOpen(void)const " (__imp_?isOpen@Window@sf@@QBE_NXZ) referenced in function _main
HungtingSnake.obj : error LNK2019: unresolved external symbol "__declspec(dllimport) public: bool __thiscall sf::Window::pollEvent(class sf::Event &)" (__imp_?pollEvent@Window@sf@@QAE_NAAVEvent@2@@Z) referenced in function _main
HungtingSnake.obj : error LNK2019: unresolved external symbol "__declspec(dllimport) public: void __thiscall sf::Window::setFramerateLimit(unsigned int)" (__imp_?setFramerateLimit@Window@sf@@QAEXI@Z) referenced in function _main
HungtingSnake.obj : error LNK2019: unresolved external symbol "__declspec(dllimport) public: void __thiscall sf::Window::display(void)" (__imp_?display@Window@sf@@QAEXXZ) referenced in function _main
HungtingSnake.obj : error LNK2019: unresolved external symbol "__declspec(dllimport) public: void __thiscall sf::Transformable::setPosition(class sf::Vector2<float> const &)" (__imp_?setPosition@Transformable@sf@@QAEXABV?$Vector2@M@2@@Z) referenced in function "bool __cdecl backFromHelp(class sf::RenderWindow &,class std::vector<class Object,class std::allocator<class Object> > &,class sf::Text * const,class sf::Mouse &)" (?backFromHelp@@YA_NAAVRenderWindow@sf@@AAV?$vector@VObject@@V?$allocator@VObject@@@std@@@std@@QAVText@2@AAVMouse@2@@Z)
HungtingSnake.obj : error LNK2019: unresolved external symbol "__declspec(dllimport) public: void __thiscall sf::Transformable::setRotation(float)" (__imp_?setRotation@Transformable@sf@@QAEXM@Z) referenced in function "void __cdecl drawMenuLevel(class sf::RenderWindow &,class std::vector<class Object,class std::allocator<class Object> > &,class sf::Text * const)" (?drawMenuLevel@@YAXAAVRenderWindow@sf@@AAV?$vector@VObject@@V?$allocator@VObject@@@std@@@std@@QAVText@2@@Z)
HungtingSnake.obj : error LNK2019: unresolved external symbol "__declspec(dllimport) public: class sf::Vector2<float> const & __thiscall sf::Transformable::getPosition(void)const " (__imp_?getPosition@Transformable@sf@@QBEABV?$Vector2@M@2@XZ) referenced in function "bool __cdecl backFromHelp(class sf::RenderWindow &,class std::vector<class Object,class std::allocator<class Object> > &,class sf::Text * const,class sf::Mouse &)" (?backFromHelp@@YA_NAAVRenderWindow@sf@@AAV?$vector@VObject@@V?$allocator@VObject@@@std@@@std@@QAVText@2@AAVMouse@2@@Z)
Object.obj : error LNK2001: unresolved external symbol "__declspec(dllimport) public: class sf::Vector2<float> const & __thiscall sf::Transformable::getPosition(void)const " (__imp_?getPosition@Transformable@sf@@QBEABV?$Vector2@M@2@XZ)
HungtingSnake.obj : error LNK2019: unresolved external symbol "__declspec(dllimport) public: __thiscall sf::Color::Color(unsigned char,unsigned char,unsigned char,unsigned char)" (__imp_??0Color@sf@@QAE@EEEE@Z) referenced in function _main
HungtingSnake.obj : error LNK2019: unresolved external symbol "__declspec(dllimport) public: __thiscall sf::Texture::Texture(void)" (__imp_??0Texture@sf@@QAE@XZ) referenced in function "public: __thiscall Object::Object(void)" (??0Object@@QAE@XZ)
Snake.obj : error LNK2001: unresolved external symbol "__declspec(dllimport) public: __thiscall sf::Texture::Texture(void)" (__imp_??0Texture@sf@@QAE@XZ)
HungtingSnake.obj : error LNK2019: unresolved external symbol "__declspec(dllimport) public: __thiscall sf::Texture::Texture(class sf::Texture const &)" (__imp_??0Texture@sf@@QAE@ABV01@@Z) referenced in function "public: __thiscall Object::Object(class Object &&)" (??0Object@@QAE@$$QAV0@@Z)
HungtingSnake.obj : error LNK2019: unresolved external symbol "__declspec(dllimport) public: __thiscall sf::Texture::~Texture(void)" (__imp_??1Texture@sf@@QAE@XZ) referenced in function __unwindfunclet$??0Object@@QAE@XZ$0
Snake.obj : error LNK2001: unresolved external symbol "__declspec(dllimport) public: __thiscall sf::Texture::~Texture(void)" (__imp_??1Texture@sf@@QAE@XZ)
HungtingSnake.obj : error LNK2019: unresolved external symbol "__declspec(dllimport) public: __thiscall sf::Font::Font(void)" (__imp_??0Font@sf@@QAE@XZ) referenced in function _main
HungtingSnake.obj : error LNK2019: unresolved external symbol "__declspec(dllimport) public: __thiscall sf::Font::~Font(void)" (__imp_??1Font@sf@@QAE@XZ) referenced in function _main
HungtingSnake.obj : error LNK2019: unresolved external symbol "__declspec(dllimport) public: bool __thiscall sf::Font::loadFromFile(class std::basic_string<char,struct std::char_traits<char>,class std::allocator<char> > const &)" (__imp_?loadFromFile@Font@sf@@QAE_NABV?$basic_string@DU?$char_traits@D@std@@V?$allocator@D@2@@std@@@Z) referenced in function _main
HungtingSnake.obj : error LNK2019: unresolved external symbol "__declspec(dllimport) public: void __thiscall sf::RenderTarget::clear(class sf::Color const &)" (__imp_?clear@RenderTarget@sf@@QAEXABVColor@2@@Z) referenced in function _main
HungtingSnake.obj : error LNK2019: unresolved external symbol "__declspec(dllimport) public: void __thiscall sf::RenderTarget::draw(class sf::Drawable const &,class sf::RenderStates const &)" (__imp_?draw@RenderTarget@sf@@QAEXABVDrawable@2@ABVRenderStates@2@@Z) referenced in function "bool __cdecl backFromHelp(class sf::RenderWindow &,class std::vector<class Object,class std::allocator<class Object> > &,class sf::Text * const,class sf::Mouse &)" (?backFromHelp@@YA_NAAVRenderWindow@sf@@AAV?$vector@VObject@@V?$allocator@VObject@@@std@@@std@@QAVText@2@AAVMouse@2@@Z)
Object.obj : error LNK2001: unresolved external symbol "__declspec(dllimport) public: void __thiscall sf::RenderTarget::draw(class sf::Drawable const &,class sf::RenderStates const &)" (__imp_?draw@RenderTarget@sf@@QAEXABVDrawable@2@ABVRenderStates@2@@Z)
HungtingSnake.obj : error LNK2019: unresolved external symbol "__declspec(dllimport) public: __thiscall sf::RenderWindow::RenderWindow(class sf::VideoMode,class sf::String const &,unsigned int,struct sf::ContextSettings const &)" (__imp_??0RenderWindow@sf@@QAE@VVideoMode@1@ABVString@1@IABUContextSettings@1@@Z) referenced in function _main
HungtingSnake.obj : error LNK2019: unresolved external symbol "__declspec(dllimport) public: virtual __thiscall sf::RenderWindow::~RenderWindow(void)" (__imp_??1RenderWindow@sf@@UAE@XZ) referenced in function _main
HungtingSnake.obj : error LNK2019: unresolved external symbol "__declspec(dllimport) public: __thiscall sf::Sprite::Sprite(void)" (__imp_??0Sprite@sf@@QAE@XZ) referenced in function "public: __thiscall Object::Object(void)" (??0Object@@QAE@XZ)
Snake.obj : error LNK2001: unresolved external symbol "__declspec(dllimport) public: __thiscall sf::Sprite::Sprite(void)" (__imp_??0Sprite@sf@@QAE@XZ)
HungtingSnake.obj : error LNK2019: unresolved external symbol "__declspec(dllimport) public: virtual __thiscall sf::Sprite::~Sprite(void)" (__imp_??1Sprite@sf@@UAE@XZ) referenced in function "public: __thiscall Object::~Object(void)" (??1Object@@QAE@XZ)
Snake.obj : error LNK2001: unresolved external symbol "__declspec(dllimport) public: virtual __thiscall sf::Sprite::~Sprite(void)" (__imp_??1Sprite@sf@@UAE@XZ)
HungtingSnake.obj : error LNK2019: unresolved external symbol "__declspec(dllimport) public: __thiscall sf::Sprite::Sprite(class sf::Sprite const &)" (__imp_??0Sprite@sf@@QAE@ABV01@@Z) referenced in function "public: __thiscall Object::Object(class Object const &)" (??0Object@@QAE@ABV0@@Z)
HungtingSnake.obj : error LNK2019: unresolved external symbol "__declspec(dllimport) public: __thiscall sf::Sprite::Sprite(class sf::Sprite &&)" (__imp_??0Sprite@sf@@QAE@$$QAV01@@Z) referenced in function "public: __thiscall Object::Object(class Object &&)" (??0Object@@QAE@$$QAV0@@Z)
HungtingSnake.obj : error LNK2019: unresolved external symbol "__declspec(dllimport) public: __thiscall sf::Text::Text(void)" (__imp_??0Text@sf@@QAE@XZ) referenced in function _main
HungtingSnake.obj : error LNK2019: unresolved external symbol "__declspec(dllimport) public: void __thiscall sf::Text::setString(class sf::String const &)" (__imp_?setString@Text@sf@@QAEXABVString@2@@Z) referenced in function "bool __cdecl backFromHelp(class sf::RenderWindow &,class std::vector<class Object,class std::allocator<class Object> > &,class sf::Text * const,class sf::Mouse &)" (?backFromHelp@@YA_NAAVRenderWindow@sf@@AAV?$vector@VObject@@V?$allocator@VObject@@@std@@@std@@QAVText@2@AAVMouse@2@@Z)
HungtingSnake.obj : error LNK2019: unresolved external symbol "__declspec(dllimport) public: void __thiscall sf::Text::setFont(class sf::Font const &)" (__imp_?setFont@Text@sf@@QAEXABVFont@2@@Z) referenced in function _main
HungtingSnake.obj : error LNK2019: unresolved external symbol "__declspec(dllimport) public: void __thiscall sf::Text::setCharacterSize(unsigned int)" (__imp_?setCharacterSize@Text@sf@@QAEXI@Z) referenced in function "bool __cdecl backFromHelp(class sf::RenderWindow &,class std::vector<class Object,class std::allocator<class Object> > &,class sf::Text * const,class sf::Mouse &)" (?backFromHelp@@YA_NAAVRenderWindow@sf@@AAV?$vector@VObject@@V?$allocator@VObject@@@std@@@std@@QAVText@2@AAVMouse@2@@Z)
HungtingSnake.obj : error LNK2019: unresolved external symbol "__declspec(dllimport) public: void __thiscall sf::Text::setStyle(unsigned int)" (__imp_?setStyle@Text@sf@@QAEXI@Z) referenced in function "void __cdecl drawOptionButtons(class sf::RenderWindow &,class std::vector<class Object,class std::allocator<class Object> > &,class sf::Text * const,int const &)" (?drawOptionButtons@@YAXAAVRenderWindow@sf@@AAV?$vector@VObject@@V?$allocator@VObject@@@std@@@std@@QAVText@2@ABH@Z)
HungtingSnake.obj : error LNK2019: unresolved external symbol "__declspec(dllimport) public: void __thiscall sf::Text::setFillColor(class sf::Color const &)" (__imp_?setFillColor@Text@sf@@QAEXABVColor@2@@Z) referenced in function "bool __cdecl backFromHelp(class sf::RenderWindow &,class std::vector<class Object,class std::allocator<class Object> > &,class sf::Text * const,class sf::Mouse &)" (?backFromHelp@@YA_NAAVRenderWindow@sf@@AAV?$vector@VObject@@V?$allocator@VObject@@@std@@@std@@QAVText@2@AAVMouse@2@@Z)
HungtingSnake.obj : error LNK2019: unresolved external symbol "__declspec(dllimport) public: class sf::Rect<float> __thiscall sf::Text::getGlobalBounds(void)const " (__imp_?getGlobalBounds@Text@sf@@QBE?AV?$Rect@M@2@XZ) referenced in function "bool __cdecl backFromHelp(class sf::RenderWindow &,class std::vector<class Object,class std::allocator<class Object> > &,class sf::Text * const,class sf::Mouse &)" (?backFromHelp@@YA_NAAVRenderWindow@sf@@AAV?$vector@VObject@@V?$allocator@VObject@@@std@@@std@@QAVText@2@AAVMouse@2@@Z)
HungtingSnake.obj : error LNK2019: unresolved external symbol "__declspec(dllimport) public: virtual __thiscall sf::Text::~Text(void)" (__imp_??1Text@sf@@UAE@XZ) referenced in function _main
HungtingSnake.obj : error LNK2019: unresolved external symbol "__declspec(dllimport) public: void __thiscall sf::SoundSource::setVolume(float)" (__imp_?setVolume@SoundSource@sf@@QAEXM@Z) referenced in function "void __cdecl setDataSounđ(class sf::SoundBuffer &,class sf::Sound &,class std::basic_string<char,struct std::char_traits<char>,class std::allocator<char> > const &,float const &)" (?setDataSounđ@@YAXAAVSoundBuffer@sf@@AAVSound@2@ABV?$basic_string@DU?$char_traits@D@std@@V?$allocator@D@2@@std@@ABM@Z)
HungtingSnake.obj : error LNK2019: unresolved external symbol "__declspec(dllimport) public: __thiscall sf::Sound::Sound(void)" (__imp_??0Sound@sf@@QAE@XZ) referenced in function "public: void __thiscall std::allocator<class sf::Sound>::construct<class sf::Sound>(class sf::Sound *)" (??$construct@VSound@sf@@$$V@?$allocator@VSound@sf@@@std@@QAEXPAVSound@sf@@@Z)
HungtingSnake.obj : error LNK2019: unresolved external symbol "__declspec(dllimport) public: __thiscall sf::Sound::Sound(class sf::Sound const &)" (__imp_??0Sound@sf@@QAE@ABV01@@Z) referenced in function "public: void __thiscall std::allocator<class sf::Sound>::construct<class sf::Sound,class sf::Sound>(class sf::Sound *,class sf::Sound &&)" (??$construct@VSound@sf@@V12@@?$allocator@VSound@sf@@@std@@QAEXPAVSound@sf@@$$QAV23@@Z)
HungtingSnake.obj : error LNK2019: unresolved external symbol "__declspec(dllimport) public: virtual __thiscall sf::Sound::~Sound(void)" (__imp_??1Sound@sf@@UAE@XZ) referenced in function "public: virtual void * __thiscall sf::Sound::`scalar deleting destructor'(unsigned int)" (??_GSound@sf@@UAEPAXI@Z)
HungtingSnake.obj : error LNK2019: unresolved external symbol "__declspec(dllimport) public: void __thiscall sf::Sound::setBuffer(class sf::SoundBuffer const &)" (__imp_?setBuffer@Sound@sf@@QAEXABVSoundBuffer@2@@Z) referenced in function "void __cdecl setDataSounđ(class sf::SoundBuffer &,class sf::Sound &,class std::basic_string<char,struct std::char_traits<char>,class std::allocator<char> > const &,float const &)" (?setDataSounđ@@YAXAAVSoundBuffer@sf@@AAVSound@2@ABV?$basic_string@DU?$char_traits@D@std@@V?$allocator@D@2@@std@@ABM@Z)
HungtingSnake.obj : error LNK2019: unresolved external symbol "__declspec(dllimport) public: void __thiscall sf::Sound::setLoop(bool)" (__imp_?setLoop@Sound@sf@@QAEX_N@Z) referenced in function _main
HungtingSnake.obj : error LNK2019: unresolved external symbol "__declspec(dllimport) public: __thiscall sf::SoundBuffer::SoundBuffer(void)" (__imp_??0SoundBuffer@sf@@QAE@XZ) referenced in function "public: void __thiscall std::allocator<class sf::SoundBuffer>::construct<class sf::SoundBuffer>(class sf::SoundBuffer *)" (??$construct@VSoundBuffer@sf@@$$V@?$allocator@VSoundBuffer@sf@@@std@@QAEXPAVSoundBuffer@sf@@@Z)
HungtingSnake.obj : error LNK2019: unresolved external symbol "__declspec(dllimport) public: __thiscall sf::SoundBuffer::SoundBuffer(class sf::SoundBuffer const &)" (__imp_??0SoundBuffer@sf@@QAE@ABV01@@Z) referenced in function "public: void __thiscall std::allocator<class sf::SoundBuffer>::construct<class sf::SoundBuffer,class sf::SoundBuffer>(class sf::SoundBuffer *,class sf::SoundBuffer &&)" (??$construct@VSoundBuffer@sf@@V12@@?$allocator@VSoundBuffer@sf@@@std@@QAEXPAVSoundBuffer@sf@@$$QAV23@@Z)
HungtingSnake.obj : error LNK2019: unresolved external symbol "__declspec(dllimport) public: __thiscall sf::SoundBuffer::~SoundBuffer(void)" (__imp_??1SoundBuffer@sf@@QAE@XZ) referenced in function "public: void * __thiscall sf::SoundBuffer::`scalar deleting destructor'(unsigned int)" (??_GSoundBuffer@sf@@QAEPAXI@Z)
HungtingSnake.obj : error LNK2019: unresolved external symbol "__declspec(dllimport) public: bool __thiscall sf::SoundBuffer::loadFromFile(class std::basic_string<char,struct std::char_traits<char>,class std::allocator<char> > const &)" (__imp_?loadFromFile@SoundBuffer@sf@@QAE_NABV?$basic_string@DU?$char_traits@D@std@@V?$allocator@D@2@@std@@@Z) referenced in function "void __cdecl setDataSounđ(class sf::SoundBuffer &,class sf::Sound &,class std::basic_string<char,struct std::char_traits<char>,class std::allocator<char> > const &,float const &)" (?setDataSounđ@@YAXAAVSoundBuffer@sf@@AAVSound@2@ABV?$basic_string@DU?$char_traits@D@std@@V?$allocator@D@2@@std@@ABM@Z)
HungtingSnake.obj : error LNK2001: unresolved external symbol "public: virtual enum sf::SoundSource::Status __thiscall sf::Sound::getStatus(void)const " (?getStatus@Sound@sf@@UBE?AW4Status@SoundSource@2@XZ)
HungtingSnake.obj : error LNK2001: unresolved external symbol "public: virtual void __thiscall sf::Sound::pause(void)" (?pause@Sound@sf@@UAEXXZ)
HungtingSnake.obj : error LNK2001: unresolved external symbol "public: virtual void __thiscall sf::Sound::play(void)" (?play@Sound@sf@@UAEXXZ)
HungtingSnake.obj : error LNK2001: unresolved external symbol "public: virtual void __thiscall sf::Sound::stop(void)" (?stop@Sound@sf@@UAEXXZ)
HungtingSnake.obj : error LNK2001: unresolved external symbol "__declspec(dllimport) public: static class sf::RenderStates const sf::RenderStates::Default" (__imp_?Default@RenderStates@sf@@2V12@B)
Object.obj : error LNK2001: unresolved external symbol "__declspec(dllimport) public: static class sf::RenderStates const sf::RenderStates::Default" (__imp_?Default@RenderStates@sf@@2V12@B)
HungtingSnake.obj : error LNK2001: unresolved external symbol "__declspec(dllimport) public: static class sf::Color const sf::Color::Black" (__imp_?Black@Color@sf@@2V12@B)
HungtingSnake.obj : error LNK2001: unresolved external symbol "__declspec(dllimport) public: static class sf::Color const sf::Color::White" (__imp_?White@Color@sf@@2V12@B)
HungtingSnake.obj : error LNK2001: unresolved external symbol "__declspec(dllimport) public: static class sf::Color const sf::Color::Red" (__imp_?Red@Color@sf@@2V12@B)
HungtingSnake.obj : error LNK2001: unresolved external symbol "__declspec(dllimport) public: static class sf::Color const sf::Color::Green" (__imp_?Green@Color@sf@@2V12@B)
HungtingSnake.obj : error LNK2001: unresolved external symbol "__declspec(dllimport) public: static class sf::Color const sf::Color::Magenta" (__imp_?Magenta@Color@sf@@2V12@B)
HungtingSnake.obj : error LNK2001: unresolved external symbol "__declspec(dllimport) public: static class sf::Color const sf::Color::Cyan" (__imp_?Cyan@Color@sf@@2V12@B)
Object.obj : error LNK2001: unresolved external symbol "__declspec(dllimport) public: static class sf::Color const sf::Color::Cyan" (__imp_?Cyan@Color@sf@@2V12@B)
Object.obj : error LNK2019: unresolved external symbol "__declspec(dllimport) public: void __thiscall sf::Transformable::setPosition(float,float)" (__imp_?setPosition@Transformable@sf@@QAEXMM@Z) referenced in function "public: void __thiscall Object::setPosition(class sf::Vector2<float> const &)" (?setPosition@Object@@QAEXABV?$Vector2@M@sf@@@Z)
Object.obj : error LNK2019: unresolved external symbol "__declspec(dllimport) public: void __thiscall sf::Transformable::setScale(float,float)" (__imp_?setScale@Transformable@sf@@QAEXMM@Z) referenced in function "public: void __thiscall Object::setScale(float,float)" (?setScale@Object@@QAEXMM@Z)
Object.obj : error LNK2019: unresolved external symbol "__declspec(dllimport) public: bool __thiscall sf::Texture::loadFromFile(class std::basic_string<char,struct std::char_traits<char>,class std::allocator<char> > const &,class sf::Rect<int> const &)" (__imp_?loadFromFile@Texture@sf@@QAE_NABV?$basic_string@DU?$char_traits@D@std@@V?$allocator@D@2@@std@@ABV?$Rect@H@2@@Z) referenced in function "public: void __thiscall Object::setData(class std::basic_string<char,struct std::char_traits<char>,class std::allocator<char> > const &)" (?setData@Object@@QAEXABV?$basic_string@DU?$char_traits@D@std@@V?$allocator@D@2@@std@@@Z)
Object.obj : error LNK2019: unresolved external symbol "__declspec(dllimport) public: class sf::Vector2<unsigned int> __thiscall sf::Texture::getSize(void)const " (__imp_?getSize@Texture@sf@@QBE?AV?$Vector2@I@2@XZ) referenced in function "public: class sf::Vector2<unsigned int> __thiscall Object::getSize(void)const " (?getSize@Object@@QBE?AV?$Vector2@I@sf@@XZ)
Object.obj : error LNK2019: unresolved external symbol "__declspec(dllimport) public: void __thiscall sf::Sprite::setTexture(class sf::Texture const &,bool)" (__imp_?setTexture@Sprite@sf@@QAEXABVTexture@2@_N@Z) referenced in function "public: void __thiscall Object::setData(class std::basic_string<char,struct std::char_traits<char>,class std::allocator<char> > const &)" (?setData@Object@@QAEXABV?$basic_string@DU?$char_traits@D@std@@V?$allocator@D@2@@std@@@Z)
Object.obj : error LNK2019: unresolved external symbol "__declspec(dllimport) public: void __thiscall sf::Sprite::setColor(class sf::Color const &)" (__imp_?setColor@Sprite@sf@@QAEXABVColor@2@@Z) referenced in function "public: void __thiscall Object::setColor(void)" (?setColor@Object@@QAEXXZ)
Object.obj : error LNK2019: unresolved external symbol "__declspec(dllimport) public: class sf::Rect<float> __thiscall sf::Sprite::getGlobalBounds(void)const " (__imp_?getGlobalBounds@Sprite@sf@@QBE?AV?$Rect@M@2@XZ) referenced in function "public: bool __thiscall Object::causeCollisionObj(class Object &)" (?causeCollisionObj@Object@@QAE_NAAV1@@Z)
C:\Users\Admin\Desktop\1951052091_NguyenTrungKien\1951052091_NguyenTrungKien\lib\freetype.lib : warning LNK4272: library machine type 'x64' conflicts with target machine type 'X86'
C:\Users\Admin\Desktop\1951052091_NguyenTrungKien\1951052091_NguyenTrungKien\lib\flac.lib : warning LNK4272: library machine type 'x64' conflicts with target machine type 'X86'
C:\Users\Admin\Desktop\1951052091_NguyenTrungKien\1951052091_NguyenTrungKien\lib\vorbisenc.lib : warning LNK4272: library machine type 'x64' conflicts with target machine type 'X86'
C:\Users\Admin\Desktop\1951052091_NguyenTrungKien\1951052091_NguyenTrungKien\lib\vorbisfile.lib : warning LNK4272: library machine type 'x64' conflicts with target machine type 'X86'
C:\Users\Admin\Desktop\1951052091_NguyenTrungKien\1951052091_NguyenTrungKien\lib\vorbis.lib : warning LNK4272: library machine type 'x64' conflicts with target machine type 'X86'
C:\Users\Admin\Desktop\1951052091_NguyenTrungKien\1951052091_NguyenTrungKien\lib\ogg.lib : warning LNK4272: library machine type 'x64' conflicts with target machine type 'X86'
C:\Users\Admin\Desktop\1951052091_NguyenTrungKien\1951052091_NguyenTrungKien\lib\sfml-graphics-s-d.lib : warning LNK4272: library machine type 'x64' conflicts with target machine type 'X86'
C:\Users\Admin\Desktop\1951052091_NguyenTrungKien\1951052091_NguyenTrungKien\lib\sfml-window-s-d.lib : warning LNK4272: library machine type 'x64' conflicts with target machine type 'X86'
C:\Users\Admin\Desktop\1951052091_NguyenTrungKien\1951052091_NguyenTrungKien\lib\sfml-system-s-d.lib : warning LNK4272: library machine type 'x64' conflicts with target machine type 'X86'
C:\Users\Admin\Desktop\1951052091_NguyenTrungKien\1951052091_NguyenTrungKien\lib\sfml-network-s-d.lib : warning LNK4272: library machine type 'x64' conflicts with target machine type 'X86'
C:\Users\Admin\Desktop\1951052091_NguyenTrungKien\1951052091_NguyenTrungKien\lib\sfml-audio-s-d.lib : warning LNK4272: library machine type 'x64' conflicts with target machine type 'X86'
C:\Users\Admin\Desktop\1951052091_NguyenTrungKien\1951052091_NguyenTrungKien\lib\openal32.lib : warning LNK4272: library machine type 'x64' conflicts with target machine type 'X86'
C:\Users\Admin\Desktop\1951052091_NguyenTrungKien\Debug\1951052091_NguyenTrungKien.exe : fatal error LNK1120: 66 unresolved externals
